<?xml version="1.0" encoding="UTF-8"?>
<testsuite xmlns:xsi="http://www.w3.org/2001/XMLSchema-instance" xsi:noNamespaceSchemaLocation="https://maven.apache.org/surefire/maven-surefire-plugin/xsd/surefire-test-report.xsd" version="3.0.2" name="com.editalbox.ApplicationTests" time="83.942" tests="1" errors="0" skipped="0" failures="0">
  <properties>
[...]
</properties>
  <testcase name="contextLoads" classname="com.editalbox.ApplicationTests" time="4.526">
    <system-out><![CDATA[15:25:21.137 [main] INFO org.springframework.test.context.support.AnnotationConfigContextLoaderUtils -- Could not detect default configuration classes for test class [com.editalbox.ApplicationTests]: ApplicationTests does not declare any static, non-private, non-final, nested classes annotated with @Configuration.
15:25:22.540 [main] INFO org.springframework.boot.test.context.SpringBootTestContextBootstrapper -- Found @SpringBootConfiguration com.editalbox.EditalboxApplication for test class com.editalbox.ApplicationTests
15:25:25.225 [main] INFO org.springframework.boot.devtools.restart.RestartApplicationListener -- Restart disabled due to context in which it is running

  .   ____          _            __ _ _
 /\\ / ___'_ __ _ _(_)_ __  __ _ \ \ \ \
( ( )\___ | '_ | '_| | '_ \/ _` | \ \ \ \
 \\/  ___)| |_)| | | | | || (_| |  ) ) ) )
  '  |____| .__|_| |_|_| |_\__, | / / / /
 =========|_|==============|___/=/_/_/_/

 :: Spring Boot ::                (v3.5.3)

2025-08-05T15:25:27.524-03:00  INFO 32814 --- [SpringV3] [           main] com.editalbox.ApplicationTests           : Starting ApplicationTests using Java 21.0.7 with PID 32814 (started by ego_nagisa in /home/ego_nagisa/Documents/coding/JavaSpring/editalbox/spring)
2025-08-05T15:25:27.529-03:00  INFO 32814 --- [SpringV3] [           main] com.editalbox.ApplicationTests           : No active profile set, falling back to 1 default profile: "default"
2025-08-05T15:25:41.850-03:00  INFO 32814 --- [SpringV3] [           main] .s.d.r.c.RepositoryConfigurationDelegate : Bootstrapping Spring Data JPA repositories in DEFAULT mode.
2025-08-05T15:25:42.671-03:00  INFO 32814 --- [SpringV3] [           main] .s.d.r.c.RepositoryConfigurationDelegate : Finished Spring Data repository scanning in 784 ms. Found 2 JPA repository interfaces.
2025-08-05T15:25:50.023-03:00  INFO 32814 --- [SpringV3] [           main] o.hibernate.jpa.internal.util.LogHelper  : HHH000204: Processing PersistenceUnitInfo [name: default]
2025-08-05T15:25:54.307-03:00  INFO 32814 --- [SpringV3] [           main] org.hibernate.Version                    : HHH000412: Hibernate ORM core version 6.6.18.Final
2025-08-05T15:25:57.592-03:00  INFO 32814 --- [SpringV3] [           main] o.h.c.internal.RegionFactoryInitiator    : HHH000026: Second-level cache disabled
2025-08-05T15:26:03.330-03:00  INFO 32814 --- [SpringV3] [           main] o.s.o.j.p.SpringPersistenceUnitInfo      : No LoadTimeWeaver setup: ignoring JPA class transformer
2025-08-05T15:26:04.052-03:00  INFO 32814 --- [SpringV3] [           main] com.zaxxer.hikari.HikariDataSource       : HikariPool-1 - Starting...
2025-08-05T15:26:16.036-03:00  INFO 32814 --- [SpringV3] [           main] com.zaxxer.hikari.pool.HikariPool        : HikariPool-1 - Added connection org.postgresql.jdbc.PgConnection@6f7a20da
2025-08-05T15:26:16.039-03:00  INFO 32814 --- [SpringV3] [           main] com.zaxxer.hikari.HikariDataSource       : HikariPool-1 - Start completed.
2025-08-05T15:26:18.178-03:00  WARN 32814 --- [SpringV3] [           main] org.hibernate.orm.deprecation            : HHH90000025: PostgreSQLDialect does not need to be specified explicitly using 'hibernate.dialect' (remove the property setting and it will be selected by default)
2025-08-05T15:26:18.600-03:00  INFO 32814 --- [SpringV3] [           main] org.hibernate.orm.connections.pooling    : HHH10001005: Database info:
	Database JDBC URL [Connecting through datasource 'HikariDataSource (HikariPool-1)']
	Database driver: undefined/unknown
	Database version: 14.17
	Autocommit mode: undefined/unknown
	Isolation level: undefined/unknown
	Minimum pool size: undefined/unknown
	Maximum pool size: undefined/unknown
2025-08-05T15:26:24.842-03:00  INFO 32814 --- [SpringV3] [           main] o.h.e.t.j.p.i.JtaPlatformInitiator       : HHH000489: No JTA platform available (set 'hibernate.transaction.jta.platform' to enable JTA platform integration)
Hibernate: 
    set client_min_messages = WARNING
Hibernate: 
    alter table if exists contents 
       drop constraint if exists FKejp1y007yg7qjsuuyd5o4hkfa
Hibernate: 
    drop table if exists contents cascade
Hibernate: 
    drop table if exists exams cascade
Hibernate: 
    drop sequence if exists contents_seq
Hibernate: 
    drop sequence if exists exams_seq
Hibernate: 
    create sequence contents_seq start with 1 increment by 50
Hibernate: 
    create sequence exams_seq start with 1 increment by 50
Hibernate: 
    create table contents (
        exam_id bigint not null,
        id bigint not null,
        subject varchar(255),
        text varchar(255),
        primary key (id)
    )
Hibernate: 
    create table exams (
        user_count integer,
        year integer,
        id bigint not null,
        name varchar(255),
        primary key (id)
    )
Hibernate: 
    alter table if exists contents 
       add constraint FKejp1y007yg7qjsuuyd5o4hkfa 
       foreign key (exam_id) 
       references exams
2025-08-05T15:26:28.770-03:00  INFO 32814 --- [SpringV3] [           main] j.LocalContainerEntityManagerFactoryBean : Initialized JPA EntityManagerFactory for persistence unit 'default'
2025-08-05T15:26:32.299-03:00  INFO 32814 --- [SpringV3] [           main] o.s.d.j.r.query.QueryEnhancerFactory     : Hibernate is in classpath; If applicable, HQL parser will be used.
2025-08-05T15:26:35.316-03:00  WARN 32814 --- [SpringV3] [           main] JpaBaseConfiguration$JpaWebConfiguration : spring.jpa.open-in-view is enabled by default. Therefore, database queries may be performed during view rendering. Explicitly configure spring.jpa.open-in-view to disable this warning
2025-08-05T15:26:36.517-03:00  INFO 32814 --- [SpringV3] [           main] com.editalbox.ApplicationTests           : Started ApplicationTests in 71.418 seconds (process running for 82.134)
Hibernate: 
    select
        nextval('exams_seq')
Hibernate: 
    insert 
    into
        exams
        (name, user_count, year, id) 
    values
        (?, ?, ?, ?)
Hibernate: 
    select
        nextval('exams_seq')
Hibernate: 
    insert 
    into
        exams
        (name, user_count, year, id) 
    values
        (?, ?, ?, ?)
Hibernate: 
    select
        count(*) 
    from
        exams e1_0 
    where
        e1_0.id=?
Hibernate: 
    select
        nextval('contents_seq')
Hibernate: 
    insert 
    into
        contents
        (exam_id, subject, text, id) 
    values
        (?, ?, ?, ?)
Hibernate: 
    select
        count(*) 
    from
        exams e1_0 
    where
        e1_0.id=?
Hibernate: 
    select
        nextval('contents_seq')
Hibernate: 
    insert 
    into
        contents
        (exam_id, subject, text, id) 
    values
        (?, ?, ?, ?)
Hibernate: 
    select
        count(*) 
    from
        exams e1_0 
    where
        e1_0.id=?
Hibernate: 
    insert 
    into
        contents
        (exam_id, subject, text, id) 
    values
        (?, ?, ?, ?)
]]></system-out>
    <system-err><![CDATA[WARNING: A Java agent has been loaded dynamically (/home/ego_nagisa/.m2/repository/net/bytebuddy/byte-buddy-agent/1.17.6/byte-buddy-agent-1.17.6.jar)
WARNING: If a serviceability tool is in use, please run with -XX:+EnableDynamicAgentLoading to hide this warning
WARNING: If a serviceability tool is not in use, please run with -Djdk.instrument.traceUsage for more information
WARNING: Dynamic loading of agents will be disallowed by default in a future release
]]></system-err>
  </testcase>
</testsuite>